\BOOKMARK [1][-]{section.1}{\376\377\0001\000\040\000P\000r\000e\000s\000e\000n\000t\000a\000c\000i\000\363\000n}{}% 1
\BOOKMARK [2][-]{subsection.1.1}{\376\377\0001\000.\0001\000\040\000C\000a\000r\000a\000c\000t\000e\000r\000\355\000s\000t\000i\000c\000a\000s\000\040\000d\000e\000\040\000l\000a\000\040\000p\000l\000a\000n\000t\000i\000l\000l\000a}{section.1}% 2
\BOOKMARK [1][-]{section.2}{\376\377\0002\000\040\000D\000i\000s\000p\000o\000s\000i\000c\000i\000o\000n\000e\000s\000\040\000d\000e\000\040\000T\000e\000x\000t\000o\000\040\000y\000\040\000O\000r\000t\000o\000t\000i\000p\000o\000g\000r\000a\000f\000\355\000a}{}% 3
\BOOKMARK [2][-]{subsection.2.1}{\376\377\0002\000.\0001\000\040\000T\000e\000x\000t\000o\000\040\000a\000\040\000u\000n\000a\000\040\000c\000o\000l\000u\000m\000n\000a}{section.2}% 4
\BOOKMARK [2][-]{subsection.2.2}{\376\377\0002\000.\0002\000\040\000T\000e\000x\000t\000o\000\040\000a\000\040\000d\000o\000s\000\040\000c\000o\000l\000u\000m\000n\000a\000s}{section.2}% 5
\BOOKMARK [2][-]{subsection.2.3}{\376\377\0002\000.\0003\000\040\000L\000i\000s\000t\000a\000s\000\040\000y\000\040\000V\000i\000\361\000e\000t\000a\000s}{section.2}% 6
\BOOKMARK [1][-]{section.3}{\376\377\0003\000\040\000T\000i\000p\000o\000g\000r\000a\000f\000\355\000a\000\040\000y\000\040\000T\000e\000x\000t\000o}{}% 7
\BOOKMARK [1][-]{section.4}{\376\377\0004\000\040\000J\000e\000r\000a\000r\000q\000u\000\355\000a\000\040\000d\000e\000\040\000T\000\355\000t\000u\000l\000o\000s\000\040\000\050\000N\000i\000v\000e\000l\000e\000s\000\040\000A\040\023\000E\000\051}{}% 8
\BOOKMARK [1][-]{section.5}{\376\377\0005\000\040\000T\000\355\000t\000u\000l\000o\000\040\000A\000:\000\040\000E\000n\000c\000a\000b\000e\000z\000a\000d\000o\000\040\000d\000e\000\040\000S\000e\000c\000c\000i\000\363\000n\000\040\000\050\000P\000a\000t\000r\000i\000a\000\040\0001\0007\000p\000t\000\040\000N\000e\000g\000r\000i\000t\000a\000s\000\051}{}% 9
\BOOKMARK [2][-]{subsection.5.1}{\376\377\0005\000.\0001\000\040\000T\000\355\000t\000u\000l\000o\000\040\000B\000:\000\040\000S\000u\000b\000t\000\355\000t\000u\000l\000o\000\040\000\050\000P\000a\000t\000r\000i\000a\000\040\0001\0004\000p\000t\000\040\000N\000e\000g\000r\000i\000t\000a\000s\000\051}{section.5}% 10
\BOOKMARK [3][-]{subsubsection.5.1.1}{\376\377\0005\000.\0001\000.\0001\000\040\000T\000\355\000t\000u\000l\000o\000\040\000C\000:\000\040\000T\000e\000r\000c\000e\000r\000\040\000N\000i\000v\000e\000l\000\040\000\050\000N\000o\000t\000o\000\040\000S\000a\000n\000s\000\040\0001\0002\000p\000t\000\040\000N\000e\000g\000r\000i\000t\000a\000s\000\051}{subsection.5.1}% 11
\BOOKMARK [1][-]{section.6}{\376\377\0006\000\040\000N\000i\000v\000e\000l\000e\000s\000\040\000d\000e\000\040\000L\000i\000s\000t\000a\000s\000\040\000y\000\040\000V\000i\000\361\000e\000t\000a\000s}{}% 12
\BOOKMARK [2][-]{subsection.6.1}{\376\377\0006\000.\0001\000\040\000R\000e\000c\000u\000a\000d\000r\000o\000s\000\040\000y\000\040\000C\000a\000j\000a\000s\000\040\000D\000e\000s\000t\000a\000c\000a\000d\000a\000s}{section.6}% 13
\BOOKMARK [3][-]{subsubsection.6.1.1}{\376\377\0006\000.\0001\000.\0001\000\040\000R\000e\000c\000u\000a\000d\000r\000o\000\040\000i\000n\000f\000o\000r\000m\000a\000t\000i\000v\000o\000\040\000g\000e\000n\000e\000r\000a\000l}{subsection.6.1}% 14
\BOOKMARK [3][-]{subsubsection.6.1.2}{\376\377\0006\000.\0001\000.\0002\000\040\000N\000o\000t\000a\000\040\000i\000m\000p\000o\000r\000t\000a\000n\000t\000e}{subsection.6.1}% 15
\BOOKMARK [3][-]{subsubsection.6.1.3}{\376\377\0006\000.\0001\000.\0003\000\040\000D\000e\000f\000i\000n\000i\000c\000i\000o\000n\000e\000s}{subsection.6.1}% 16
\BOOKMARK [3][-]{subsubsection.6.1.4}{\376\377\0006\000.\0001\000.\0004\000\040\000D\000a\000t\000o\000s\000\040\000c\000l\000a\000v\000e}{subsection.6.1}% 17
\BOOKMARK [2][-]{subsection.6.2}{\376\377\0006\000.\0002\000\040\000C\000i\000t\000a\000s\000\040\000D\000e\000s\000t\000a\000c\000a\000d\000a\000s\000\040\000\050\000P\000u\000l\000l\000\040\000Q\000u\000o\000t\000e\000s\000\051}{section.6}% 18
\BOOKMARK [2][-]{subsection.6.3}{\376\377\0006\000.\0003\000\040\000D\000i\000a\000g\000r\000a\000m\000a\000s\000\040\000d\000e\000\040\000P\000r\000o\000c\000e\000s\000o}{section.6}% 19
\BOOKMARK [1][-]{section.7}{\376\377\0007\000\040\000T\000a\000b\000l\000a\000s\000\040\000P\000r\000o\000f\000e\000s\000i\000o\000n\000a\000l\000e\000s}{}% 20
\BOOKMARK [2][-]{subsection.7.1}{\376\377\0007\000.\0001\000\040\000T\000a\000b\000l\000a\000\040\000e\000s\000t\000i\000l\000o\000\040\000g\000u\000i\000n\000d\000a\000\040\000\050\000D\000a\000t\000o\000s\000\040\000G\000e\000n\000e\000r\000a\000l\000e\000s\000\051}{section.7}% 21
\BOOKMARK [2][-]{subsection.7.2}{\376\377\0007\000.\0002\000\040\000T\000a\000b\000l\000a\000\040\000e\000s\000t\000i\000l\000o\000\040\000v\000e\000r\000d\000e\000\040\000\050\000S\000u\000s\000t\000e\000n\000t\000a\000b\000i\000l\000i\000d\000a\000d\000\051}{section.7}% 22
\BOOKMARK [2][-]{subsection.7.3}{\376\377\0007\000.\0003\000\040\000T\000a\000b\000l\000a\000\040\000e\000s\000t\000i\000l\000o\000\040\000d\000o\000r\000a\000d\000o\000\040\000\050\000F\000i\000n\000a\000n\000z\000a\000s\000\051}{section.7}% 23
\BOOKMARK [1][-]{section.8}{\376\377\0008\000\040\000E\000j\000e\000m\000p\000l\000o\000s\000\040\000d\000e\000\040\000G\000r\000\341\000f\000i\000c\000o\000s\000\040\000I\000n\000s\000t\000i\000t\000u\000c\000i\000o\000n\000a\000l\000e\000s}{}% 24
\BOOKMARK [2][-]{subsection.8.1}{\376\377\0008\000.\0001\000\040\000M\000a\000p\000a\000s\000\040\000a\000\040\000p\000\341\000g\000i\000n\000a\000\040\000c\000o\000m\000p\000l\000e\000t\000a}{section.8}% 25
\BOOKMARK [2][-]{subsection.8.2}{\376\377\0008\000.\0002\000\040\000G\000r\000\341\000f\000i\000c\000o\000s\000\040\000d\000e\000\040\000b\000a\000r\000r\000a\000s\000\040\000y\000\040\000t\000e\000n\000d\000e\000n\000c\000i\000a\000s}{section.8}% 26
\BOOKMARK [2][-]{subsection.8.3}{\376\377\0008\000.\0003\000\040\000M\000a\000p\000a\000s\000\040\000d\000e\000\040\000i\000n\000f\000r\000a\000e\000s\000t\000r\000u\000c\000t\000u\000r\000a}{section.8}% 27
\BOOKMARK [1][-]{section.9}{\376\377\0009\000\040\000F\000i\000g\000u\000r\000a\000s\000\040\000y\000\040\000G\000r\000\341\000f\000i\000c\000o\000s}{}% 28
\BOOKMARK [1][-]{section.10}{\376\377\0001\0000\000\040\000T\000i\000p\000o\000g\000r\000a\000f\000\355\000a\000\040\000E\000d\000i\000t\000o\000r\000i\000a\000l\000\040\000y\000\040\000H\000e\000r\000r\000a\000m\000i\000e\000n\000t\000a\000s\000\040\000D\000i\000g\000i\000t\000a\000l\000e\000s}{}% 29
\BOOKMARK [2][-]{subsection.10.1}{\376\377\0001\0000\000.\0001\000\040\000L\000e\000t\000r\000a\000\040\000C\000a\000p\000i\000t\000a\000l\000\040\000\050\000D\000r\000o\000p\000\040\000C\000a\000p\000s\000\051}{section.10}% 30
\BOOKMARK [2][-]{subsection.10.2}{\376\377\0001\0000\000.\0002\000\040\000C\000\363\000d\000i\000g\000o\000s\000\040\000Q\000R\000\040\000G\000e\000n\000e\000r\000a\000d\000o\000s}{section.10}% 31
\BOOKMARK [2][-]{subsection.10.3}{\376\377\0001\0000\000.\0003\000\040\000N\000o\000t\000a\000s\000\040\000a\000l\000\040\000M\000a\000r\000g\000e\000n}{section.10}% 32
\BOOKMARK [2][-]{subsection.10.4}{\376\377\0001\0000\000.\0004\000\040\000B\000a\000d\000g\000e\000s\000\040\000y\000\040\000E\000t\000i\000q\000u\000e\000t\000a\000s}{section.10}% 33
\BOOKMARK [2][-]{subsection.10.5}{\376\377\0001\0000\000.\0005\000\040\000C\000a\000l\000l\000o\000u\000t\000s\000\040\000M\000e\000j\000o\000r\000a\000d\000o\000s}{section.10}% 34
\BOOKMARK [2][-]{subsection.10.6}{\376\377\0001\0000\000.\0006\000\040\000B\000a\000r\000r\000a\000s\000\040\000d\000e\000\040\000P\000r\000o\000g\000r\000e\000s\000o}{section.10}% 35
\BOOKMARK [2][-]{subsection.10.7}{\376\377\0001\0000\000.\0007\000\040\000L\000\355\000n\000e\000a\000s\000\040\000d\000e\000\040\000T\000i\000e\000m\000p\000o}{section.10}% 36
\BOOKMARK [1][-]{section.11}{\376\377\0001\0001\000\040\000S\000i\000s\000t\000e\000m\000a\000\040\000d\000e\000\040\000C\000i\000t\000a\000s\000\040\000y\000\040\000R\000e\000f\000e\000r\000e\000n\000c\000i\000a\000s}{}% 37
\BOOKMARK [2][-]{subsection.11.1}{\376\377\0001\0001\000.\0001\000\040\000E\000j\000e\000m\000p\000l\000o\000s\000\040\000d\000e\000\040\000c\000i\000t\000a\000s\000\040\000a\000l\000\040\000p\000i\000e}{section.11}% 38
\BOOKMARK [1][-]{section.12}{\376\377\0001\0002\000\040\000S\000i\000g\000l\000a\000s\000\040\000y\000\040\000A\000c\000r\000\363\000n\000i\000m\000o\000s}{}% 39
\BOOKMARK [1][-]{section.13}{\376\377\0001\0003\000\040\000G\000l\000o\000s\000a\000r\000i\000o}{}% 40
\BOOKMARK [1][-]{appendix.Alph1}{\376\377\000A\000n\000e\000x\000o\000\040\000A\000\040\000M\000e\000t\000o\000d\000o\000l\000o\000g\000\355\000a\000\040\000d\000e\000\040\000C\000\341\000l\000c\000u\000l\000o}{}% 41
\BOOKMARK [2][-]{subsection.Alph1.1}{\376\377\000A\000n\000e\000x\000o\000\040\000A\000.\0001\000\040\000M\000o\000d\000e\000l\000o\000\040\000e\000c\000o\000n\000o\000m\000\351\000t\000r\000i\000c\000o}{appendix.Alph1}% 42
